{
  "stats": {
    "suites": 1,
    "tests": 2,
    "passes": 2,
    "pending": 0,
    "failures": 0,
    "start": "2025-03-11T23:23:01.461Z",
    "end": "2025-03-11T23:23:03.734Z",
    "duration": 2273,
    "testsRegistered": 2,
    "passPercent": 100,
    "pendingPercent": 0,
    "other": 0,
    "hasOther": false,
    "skipped": 0,
    "hasSkipped": false
  },
  "results": [
    {
      "uuid": "21d45d52-c8b5-4639-8127-ea6ba6b117b3",
      "title": "",
      "fullFile": "cypress\\e2e\\smoke_test\\smoke_test.cy.js",
      "file": "cypress\\e2e\\smoke_test\\smoke_test.cy.js",
      "beforeHooks": [],
      "afterHooks": [],
      "tests": [],
      "suites": [
        {
          "uuid": "0fcf4a30-341e-4700-aaae-010b1ff4a7d3",
          "title": "Smoke test",
          "fullFile": "",
          "file": "",
          "beforeHooks": [],
          "afterHooks": [],
          "tests": [
            {
              "title": "Présence des champs et boutons de connexion",
              "fullTitle": "Smoke test Présence des champs et boutons de connexion",
              "timedOut": null,
              "duration": 491,
              "state": "passed",
              "speed": "fast",
              "pass": true,
              "fail": false,
              "pending": false,
              "context": null,
              "code": "cy.visit('http://localhost:8080/#/');\ncy.getBySel('nav-link-register').should('be.visible');\ncy.getBySel('nav-link-login').should('be.visible').click();\ncy.getBySel('login-input-username').should('be.visible');\ncy.getBySel('login-input-password').should('be.visible');\ncy.getBySel('login-submit').should('be.visible');",
              "err": {},
              "uuid": "8ab4887c-4522-4c87-9248-cbba6a33ba88",
              "parentUUID": "0fcf4a30-341e-4700-aaae-010b1ff4a7d3",
              "isHook": false,
              "skipped": false
            },
            {
              "title": "Présence des boutons d'ajout au panier quand connecté et présence du champ de disponibilité du produit",
              "fullTitle": "Smoke test Présence des boutons d'ajout au panier quand connecté et présence du champ de disponibilité du produit",
              "timedOut": null,
              "duration": 865,
              "state": "passed",
              "speed": "fast",
              "pass": true,
              "fail": false,
              "pending": false,
              "context": null,
              "code": "cy.visit('http://localhost:8080/#/login');\ncy.getBySel('login-input-username').type(username);\ncy.getBySel('login-input-password').type(password);\ncy.getBySel('login-submit').click();\ncy.visit('http://localhost:8080/#/products/3');\ncy.getBySel('detail-product-stock').should('be.visible');\ncy.getBySel('detail-product-price').should('be.visible');\ncy.getBySel('detail-product-quantity').should('be.visible');\ncy.getBySel('detail-product-add').should('be.visible').should('not.be.disabled'); // Anomalie, doit etre desactivé",
              "err": {},
              "uuid": "7c399f73-4f4e-4b8b-8351-4bd4e08e8c29",
              "parentUUID": "0fcf4a30-341e-4700-aaae-010b1ff4a7d3",
              "isHook": false,
              "skipped": false
            }
          ],
          "suites": [],
          "passes": [
            "8ab4887c-4522-4c87-9248-cbba6a33ba88",
            "7c399f73-4f4e-4b8b-8351-4bd4e08e8c29"
          ],
          "failures": [],
          "pending": [],
          "skipped": [],
          "duration": 1356,
          "root": false,
          "rootEmpty": false,
          "_timeout": 2000
        }
      ],
      "passes": [],
      "failures": [],
      "pending": [],
      "skipped": [],
      "duration": 0,
      "root": true,
      "rootEmpty": true,
      "_timeout": 2000
    }
  ],
  "meta": {
    "mocha": {
      "version": "7.0.1"
    },
    "mochawesome": {
      "options": {
        "quiet": false,
        "reportFilename": "mochawesome",
        "saveHtml": true,
        "saveJson": true,
        "consoleReporter": "spec",
        "useInlineDiffs": false,
        "code": true
      },
      "version": "7.1.3"
    },
    "marge": {
      "options": null,
      "version": "6.2.0"
    }
  }
}